<?xml version="1.0" encoding="UTF-8"?>
<!-- Generated by org.testng.reporters.JUnitXMLReporter -->
<testsuite ignored="0" hostname="kadirxps" failures="0" tests="3" name="forumDigitalpointTest" time="22.277" errors="0" timestamp="2024-04-08T18:45:19 EDT">
  <testcase classname="testCases.T01_HomePageValidation" name="homePageTest" time="1.665"/>
  <testcase classname="testCases.T02_LoginPageValidation" name="loginPageTest" time="3.464"/>
  <testcase classname="testCases.T03_RegistrationPageValidation" name="registrationPageTest" time="4.602"/>
</testsuite> <!-- forumDigitalpointTest -->
